<?xml version="1.0" encoding="UTF-8"?>
<testng-results ignored="0" total="1" passed="1" failed="0" skipped="0">
  <reporter-output>
  </reporter-output>
  <suite started-at="2025-06-24T12:34:02 IST" name="Default suite" finished-at="2025-06-24T12:34:09 IST" duration-ms="7736">
    <groups>
    </groups>
    <test started-at="2025-06-24T12:34:02 IST" name="Default test" finished-at="2025-06-24T12:34:09 IST" duration-ms="7736">
      <class name="test.LoginTest">
        <test-method is-config="true" signature="setup()[pri:0, instance:test.LoginTest@543295b0]" started-at="2025-06-24T12:34:02 IST" name="setup" finished-at="2025-06-24T12:34:06 IST" duration-ms="4194" status="PASS">
          <reporter-output>
          </reporter-output>
        </test-method> <!-- setup -->
        <test-method signature="testValidLogin()[pri:0, instance:test.LoginTest@543295b0]" started-at="2025-06-24T12:34:06 IST" name="testValidLogin" finished-at="2025-06-24T12:34:09 IST" duration-ms="3469" status="PASS">
          <reporter-output>
          </reporter-output>
        </test-method> <!-- testValidLogin -->
        <test-method is-config="true" signature="tearDown()[pri:0, instance:test.LoginTest@543295b0]" started-at="2025-06-24T12:34:09 IST" name="tearDown" finished-at="2025-06-24T12:34:09 IST" duration-ms="1" status="PASS">
          <reporter-output>
          </reporter-output>
        </test-method> <!-- tearDown -->
      </class> <!-- test.LoginTest -->
    </test> <!-- Default test -->
  </suite> <!-- Default suite -->
</testng-results>
